2016-02-24 18:53:58.632 INFO  ProducerConfig:113 - ProducerConfig values: 
	compression.type = none
	metric.reporters = []
	metadata.max.age.ms = 300000
	metadata.fetch.timeout.ms = 60000
	acks = 1
	batch.size = 16384
	reconnect.backoff.ms = 10
	bootstrap.servers = [localhost:9092]
	receive.buffer.bytes = 32768
	retry.backoff.ms = 100
	buffer.memory = 33554432
	timeout.ms = 30000
	key.serializer = class org.apache.kafka.common.serialization.StringSerializer
	retries = 0
	max.request.size = 1048576
	block.on.buffer.full = true
	value.serializer = class org.apache.kafka.common.serialization.StringSerializer
	metrics.sample.window.ms = 30000
	send.buffer.bytes = 131072
	max.in.flight.requests.per.connection = 5
	metrics.num.samples = 2
	linger.ms = 0
	client.id = 

